loading game
loading map
loading player
player loaded
loading road
loading a lane
loading a trafficLight
a trafficLight loaded
loading an object
an object loaded
loading an object
an object loaded
loading an object
an object loaded
loading an object
an object loaded
loading an object
an object loaded
loading an object
an object loaded
loading an object
an object loaded
loading an object
an object loaded
loading an object
an object loaded
loading an object
an object loaded
loading an object
an object loaded
loading an object
an object loaded
loading an object
an object loaded
loading an object
an object loaded
loading an object
an object loaded
a lane loaded
loading a lane
loading a trafficLight
a trafficLight loaded
loading an object
an object loaded
loading an object
an object loaded
loading an object
an object loaded
loading an object
an object loaded
loading an object
an object loaded
loading an object
an object loaded
a lane loaded
loading a lane
loading a trafficLight
a trafficLight loaded
loading an object
an object loaded
loading an object
an object loaded
loading an object
an object loaded
loading an object
an object loaded
loading an object
an object loaded
loading an object
an object loaded
loading an object
an object loaded
loading an object
an object loaded
a lane loaded
loading a lane
loading a trafficLight
a trafficLight loaded
loading an object
an object loaded
loading an object
an object loaded
loading an object
an object loaded
loading an object
an object loaded
loading an object
an object loaded
loading an object
an object loaded
a lane loaded
loading a lane
loading a trafficLight
a trafficLight loaded
loading an object
an object loaded
loading an object
an object loaded
loading an object
an object loaded
loading an object
an object loaded
loading an object
an object loaded
loading an object
an object loaded
loading an object
an object loaded
loading an object
an object loaded
loading an object
an object loaded
loading an object
an object loaded
loading an object
an object loaded
loading an object
an object loaded
loading an object
an object loaded
loading an object
an object loaded
loading an object
an object loaded
a lane loaded
loading a lane
loading a trafficLight
a trafficLight loaded
loading an object
an object loaded
loading an object
an object loaded
loading an object
an object loaded
loading an object
an object loaded
loading an object
an object loaded
a lane loaded
road loaded
map loaded
game loaded
loading game
loading map
loading player
player loaded
loading road
loading a lane
loading a trafficLight
a trafficLight loaded
loading an object
an object loaded
loading an object
an object loaded
loading an object
an object loaded
loading an object
an object loaded
loading an object
an object loaded
loading an object
an object loaded
loading an object
an object loaded
loading an object
an object loaded
loading an object
an object loaded
loading an object
an object loaded
loading an object
an object loaded
loading an object
an object loaded
loading an object
an object loaded
loading an object
an object loaded
loading an object
an object loaded
a lane loaded
loading a lane
loading a trafficLight
a trafficLight loaded
loading an object
an object loaded
loading an object
an object loaded
loading an object
an object loaded
loading an object
an object loaded
loading an object
an object loaded
loading an object
an object loaded
a lane loaded
loading a lane
loading a trafficLight
a trafficLight loaded
loading an object
an object loaded
loading an object
an object loaded
loading an object
an object loaded
loading an object
an object loaded
loading an object
an object loaded
loading an object
an object loaded
loading an object
an object loaded
loading an object
an object loaded
a lane loaded
loading a lane
loading a trafficLight
a trafficLight loaded
loading an object
an object loaded
loading an object
an object loaded
loading an object
an object loaded
loading an object
an object loaded
loading an object
an object loaded
loading an object
an object loaded
a lane loaded
loading a lane
loading a trafficLight
a trafficLight loaded
loading an object
an object loaded
loading an object
an object loaded
loading an object
an object loaded
loading an object
an object loaded
loading an object
an object loaded
loading an object
an object loaded
loading an object
an object loaded
loading an object
an object loaded
loading an object
an object loaded
loading an object
an object loaded
loading an object
an object loaded
loading an object
an object loaded
loading an object
an object loaded
loading an object
an object loaded
loading an object
an object loaded
a lane loaded
loading a lane
loading a trafficLight
a trafficLight loaded
loading an object
an object loaded
loading an object
an object loaded
loading an object
an object loaded
loading an object
an object loaded
loading an object
an object loaded
a lane loaded
road loaded
map loaded
game loaded
loading game
loading map
loading player
player loaded
loading road
loading a lane
loading a trafficLight
a trafficLight loaded
loading an object
an object loaded
loading an object
an object loaded
loading an object
an object loaded
loading an object
an object loaded
loading an object
an object loaded
loading an object
an object loaded
loading an object
an object loaded
loading an object
an object loaded
loading an object
an object loaded
loading an object
an object loaded
loading an object
an object loaded
loading an object
an object loaded
loading an object
an object loaded
loading an object
an object loaded
loading an object
an object loaded
a lane loaded
loading a lane
loading a trafficLight
a trafficLight loaded
loading an object
an object loaded
loading an object
an object loaded
loading an object
an object loaded
loading an object
an object loaded
loading an object
an object loaded
loading an object
an object loaded
a lane loaded
loading a lane
loading a trafficLight
a trafficLight loaded
loading an object
an object loaded
loading an object
an object loaded
loading an object
an object loaded
loading an object
an object loaded
loading an object
an object loaded
loading an object
an object loaded
loading an object
an object loaded
loading an object
an object loaded
a lane loaded
loading a lane
loading a trafficLight
a trafficLight loaded
loading an object
an object loaded
loading an object
an object loaded
loading an object
an object loaded
loading an object
an object loaded
loading an object
an object loaded
loading an object
an object loaded
a lane loaded
loading a lane
loading a trafficLight
a trafficLight loaded
loading an object
an object loaded
loading an object
an object loaded
loading an object
an object loaded
loading an object
an object loaded
loading an object
an object loaded
loading an object
an object loaded
loading an object
an object loaded
loading an object
an object loaded
loading an object
an object loaded
loading an object
an object loaded
loading an object
an object loaded
loading an object
an object loaded
loading an object
an object loaded
loading an object
an object loaded
loading an object
an object loaded
a lane loaded
loading a lane
loading a trafficLight
a trafficLight loaded
loading an object
an object loaded
loading an object
an object loaded
loading an object
an object loaded
loading an object
an object loaded
loading an object
an object loaded
a lane loaded
road loaded
map loaded
game loaded
